
  .   ____          _            __ _ _
 /\\ / ___'_ __ _ _(_)_ __  __ _ \ \ \ \
( ( )\___ | '_ | '_| | '_ \/ _` | \ \ \ \
 \\/  ___)| |_)| | | | | || (_| |  ) ) ) )
  '  |____| .__|_| |_|_| |_\__, | / / / /
 =========|_|==============|___/=/_/_/_/
 :: Spring Boot ::                (v3.2.0)

2025-10-21T19:06:37.303-05:00  INFO 3544 --- [           main] c.o.i.OreoInsightFactoryApplication      : Starting OreoInsightFactoryApplication v1.0.0 using Java 21.0.8 with PID 3544 (C:\Users\USER\Desktop\Hackaton2\Hackaton2-Grupo-4\target\insight-factory-1.0.0.jar started by USER in C:\Users\USER\Desktop\Hackaton2\Hackaton2-Grupo-4)
2025-10-21T19:06:37.304-05:00  INFO 3544 --- [           main] c.o.i.OreoInsightFactoryApplication      : No active profile set, falling back to 1 default profile: "default"
2025-10-21T19:06:38.270-05:00  INFO 3544 --- [           main] .s.d.r.c.RepositoryConfigurationDelegate : Bootstrapping Spring Data JPA repositories in DEFAULT mode.
2025-10-21T19:06:38.337-05:00  INFO 3544 --- [           main] .s.d.r.c.RepositoryConfigurationDelegate : Finished Spring Data repository scanning in 57 ms. Found 1 JPA repository interface.
2025-10-21T19:06:39.053-05:00  INFO 3544 --- [           main] o.s.b.w.embedded.tomcat.TomcatWebServer  : Tomcat initialized with port 8082 (http)
2025-10-21T19:06:39.066-05:00  INFO 3544 --- [           main] o.apache.catalina.core.StandardService   : Starting service [Tomcat]
2025-10-21T19:06:39.066-05:00  INFO 3544 --- [           main] o.apache.catalina.core.StandardEngine    : Starting Servlet engine: [Apache Tomcat/10.1.16]
2025-10-21T19:06:39.122-05:00  INFO 3544 --- [           main] o.a.c.c.C.[Tomcat].[localhost].[/]       : Initializing Spring embedded WebApplicationContext
2025-10-21T19:06:39.122-05:00  INFO 3544 --- [           main] w.s.c.ServletWebServerApplicationContext : Root WebApplicationContext: initialization completed in 1745 ms
2025-10-21T19:06:39.171-05:00  INFO 3544 --- [           main] com.zaxxer.hikari.HikariDataSource       : HikariPool-1 - Starting...
2025-10-21T19:06:39.443-05:00  INFO 3544 --- [           main] com.zaxxer.hikari.pool.HikariPool        : HikariPool-1 - Added connection conn0: url=jdbc:h2:mem:oreo_db user=SA
2025-10-21T19:06:39.443-05:00  INFO 3544 --- [           main] com.zaxxer.hikari.HikariDataSource       : HikariPool-1 - Start completed.
2025-10-21T19:06:39.459-05:00  INFO 3544 --- [           main] o.s.b.a.h2.H2ConsoleAutoConfiguration    : H2 console available at '/h2-console'. Database available at 'jdbc:h2:mem:oreo_db'
2025-10-21T19:06:39.623-05:00  INFO 3544 --- [           main] o.hibernate.jpa.internal.util.LogHelper  : HHH000204: Processing PersistenceUnitInfo [name: default]
2025-10-21T19:06:39.738-05:00  INFO 3544 --- [           main] org.hibernate.Version                    : HHH000412: Hibernate ORM core version 6.3.1.Final
2025-10-21T19:06:39.786-05:00  INFO 3544 --- [           main] o.h.c.internal.RegionFactoryInitiator    : HHH000026: Second-level cache disabled
2025-10-21T19:06:40.099-05:00  INFO 3544 --- [           main] o.s.o.j.p.SpringPersistenceUnitInfo      : No LoadTimeWeaver setup: ignoring JPA class transformer
2025-10-21T19:06:40.145-05:00  WARN 3544 --- [           main] org.hibernate.orm.deprecation            : HHH90000025: H2Dialect does not need to be specified explicitly using 'hibernate.dialect' (remove the property setting and it will be selected by default)
2025-10-21T19:06:40.862-05:00  INFO 3544 --- [           main] o.h.e.t.j.p.i.JtaPlatformInitiator       : HHH000489: No JTA platform available (set 'hibernate.transaction.jta.platform' to enable JTA platform integration)
Hibernate: 
    drop table if exists users cascade 
Hibernate: 
    create table users (
        created_at timestamp(6) not null,
        username varchar(30) not null unique,
        branch varchar(255),
        email varchar(255) not null unique,
        id varchar(255) not null,
        password varchar(255) not null,
        role varchar(255) not null check (role in ('CENTRAL','BRANCH')),
        primary key (id)
    )
2025-10-21T19:06:40.906-05:00  INFO 3544 --- [           main] j.LocalContainerEntityManagerFactoryBean : Initialized JPA EntityManagerFactory for persistence unit 'default'
2025-10-21T19:06:41.492-05:00  WARN 3544 --- [           main] JpaBaseConfiguration$JpaWebConfiguration : spring.jpa.open-in-view is enabled by default. Therefore, database queries may be performed during view rendering. Explicitly configure spring.jpa.open-in-view to disable this warning
2025-10-21T19:06:41.830-05:00  INFO 3544 --- [           main] o.s.s.web.DefaultSecurityFilterChain     : Will secure any request with [org.springframework.security.web.session.DisableEncodeUrlFilter@5dd12c19, org.springframework.security.web.context.request.async.WebAsyncManagerIntegrationFilter@40696fc6, org.springframework.security.web.context.SecurityContextHolderFilter@10660795, org.springframework.security.web.header.HeaderWriterFilter@3891b430, org.springframework.web.filter.CorsFilter@3ce2c5f6, org.springframework.security.web.authentication.logout.LogoutFilter@6b7a0f18, com.oreo.insightfactory.security.JwtAuthenticationFilter@268e30d4, org.springframework.security.web.savedrequest.RequestCacheAwareFilter@1dbfbd94, org.springframework.security.web.servletapi.SecurityContextHolderAwareRequestFilter@ec1b776, org.springframework.security.web.authentication.AnonymousAuthenticationFilter@20a3321a, org.springframework.security.web.session.SessionManagementFilter@477d6f66, org.springframework.security.web.access.ExceptionTranslationFilter@2b5ca574, org.springframework.security.web.access.intercept.AuthorizationFilter@70cdbd18]
2025-10-21T19:06:42.124-05:00  WARN 3544 --- [           main] ConfigServletWebServerApplicationContext : Exception encountered during context initialization - cancelling refresh attempt: org.springframework.context.ApplicationContextException: Failed to start bean 'webServerStartStop'
2025-10-21T19:06:42.124-05:00  INFO 3544 --- [           main] j.LocalContainerEntityManagerFactoryBean : Closing JPA EntityManagerFactory for persistence unit 'default'
Hibernate: 
    drop table if exists users cascade 
2025-10-21T19:06:42.133-05:00  INFO 3544 --- [           main] com.zaxxer.hikari.HikariDataSource       : HikariPool-1 - Shutdown initiated...
2025-10-21T19:06:42.133-05:00  INFO 3544 --- [           main] com.zaxxer.hikari.HikariDataSource       : HikariPool-1 - Shutdown completed.
2025-10-21T19:06:42.146-05:00  INFO 3544 --- [           main] .s.b.a.l.ConditionEvaluationReportLogger : 

Error starting ApplicationContext. To display the condition evaluation report re-run your application with 'debug' enabled.
2025-10-21T19:06:42.162-05:00 ERROR 3544 --- [           main] o.s.b.d.LoggingFailureAnalysisReporter   : 

***************************
APPLICATION FAILED TO START
***************************

Description:

Web server failed to start. Port 8082 was already in use.

Action:

Identify and stop the process that's listening on port 8082 or configure this application to listen on another port.

